[INFO] Scanning for projects...
[WARNING] 
[WARNING] Some problems were encountered while building the effective model for com.BalanceMaster:gestor-ventas:jar:0.0.1-SNAPSHOT
[WARNING] 'build.plugins.plugin.version' for org.springframework.boot:spring-boot-maven-plugin is missing. @ line 45, column 15
[WARNING] 
[WARNING] It is highly recommended to fix these problems because they threaten the stability of your build.
[WARNING] 
[WARNING] For this reason, future Maven versions might no longer support building such malformed projects.
[WARNING] 
[INFO] 
[INFO] ------------------< com.BalanceMaster:gestor-ventas >-------------------
[INFO] Building Demo project for Spring Boot 0.0.1-SNAPSHOT
[INFO]   from pom.xml
[INFO] --------------------------------[ jar ]---------------------------------
[INFO] 
[INFO] >>> spring-boot:4.0.1:run (default-cli) > test-compile @ gestor-ventas >>>
[INFO] 
[INFO] --- resources:3.3.1:resources (default-resources) @ gestor-ventas ---
[WARNING] Using platform encoding (UTF-8 actually) to copy filtered resources, i.e. build is platform dependent!
[INFO] Copying 2 resources from src/main/resources to target/classes
[INFO] 
[INFO] --- compiler:3.13.0:compile (default-compile) @ gestor-ventas ---
[INFO] Nothing to compile - all classes are up to date.
[INFO] 
[INFO] --- resources:3.3.1:testResources (default-testResources) @ gestor-ventas ---
[WARNING] Using platform encoding (UTF-8 actually) to copy filtered resources, i.e. build is platform dependent!
[INFO] skip non existing resourceDirectory /home/pablo/Documents/github/BalanceMaster/gestor-ventas/src/test/resources
[INFO] 
[INFO] --- compiler:3.13.0:testCompile (default-testCompile) @ gestor-ventas ---
[INFO] Nothing to compile - all classes are up to date.
[INFO] 
[INFO] <<< spring-boot:4.0.1:run (default-cli) < test-compile @ gestor-ventas <<<
[INFO] 
[INFO] 
[INFO] --- spring-boot:4.0.1:run (default-cli) @ gestor-ventas ---
[INFO] Attaching agents: []

  .   ____          _            __ _ _
 /\\ / ___'_ __ _ _(_)_ __  __ _ \ \ \ \
( ( )\___ | '_ | '_| | '_ \/ _` | \ \ \ \
 \\/  ___)| |_)| | | | | || (_| |  ) ) ) )
  '  |____| .__|_| |_|_| |_\__, | / / / /
 =========|_|==============|___/=/_/_/_/

 :: Spring Boot ::                (v3.5.0)

2026-01-20T23:51:34.859-03:00  INFO [gestor-ventas,,] 6542 --- [gestor-ventas] [           main] c.B.g.GestorVentasApplication            : Starting GestorVentasApplication using Java 21.0.9 with PID 6542 (/home/pablo/Documents/github/BalanceMaster/gestor-ventas/target/classes started by pablo in /home/pablo/Documents/github/BalanceMaster/gestor-ventas)
2026-01-20T23:51:34.864-03:00  INFO [gestor-ventas,,] 6542 --- [gestor-ventas] [           main] c.B.g.GestorVentasApplication            : The following 1 profile is active: "prod"
2026-01-20T23:51:36.406-03:00  INFO [gestor-ventas,,] 6542 --- [gestor-ventas] [           main] o.apache.catalina.core.StandardService   : Starting service [Tomcat]
2026-01-20T23:51:36.406-03:00  INFO [gestor-ventas,,] 6542 --- [gestor-ventas] [           main] o.apache.catalina.core.StandardEngine    : Starting Servlet engine: [Apache Tomcat/10.1.41]
2026-01-20T23:51:36.445-03:00  INFO [gestor-ventas,,] 6542 --- [gestor-ventas] [           main] o.a.c.c.C.[Tomcat].[localhost].[/]       : Initializing Spring embedded WebApplicationContext
2026-01-20T23:51:37.011-03:00  INFO [gestor-ventas,,] 6542 --- [gestor-ventas] [           main] com.zaxxer.hikari.HikariDataSource       : HikariPool-1 - Starting...
2026-01-20T23:51:37.081-03:00  INFO [gestor-ventas,,] 6542 --- [gestor-ventas] [           main] com.zaxxer.hikari.pool.HikariPool        : HikariPool-1 - Added connection org.postgresql.jdbc.PgConnection@5611bba
2026-01-20T23:51:37.082-03:00  INFO [gestor-ventas,,] 6542 --- [gestor-ventas] [           main] com.zaxxer.hikari.HikariDataSource       : HikariPool-1 - Start completed.
2026-01-20T23:51:37.106-03:00  INFO [gestor-ventas,,] 6542 --- [gestor-ventas] [           main] org.flywaydb.core.FlywayExecutor         : Database: jdbc:postgresql://localhost:5432/BalanceMaster (PostgreSQL 18.1)
2026-01-20T23:51:37.113-03:00  WARN [gestor-ventas,,] 6542 --- [gestor-ventas] [           main] o.f.c.internal.database.base.Database    : Flyway upgrade recommended: PostgreSQL 18.1 is newer than this version of Flyway and support has not been tested. The latest supported version of PostgreSQL is 17.
2026-01-20T23:51:37.142-03:00  INFO [gestor-ventas,,] 6542 --- [gestor-ventas] [           main] o.f.core.internal.command.DbValidate     : Successfully validated 2 migrations (execution time 00:00.020s)
2026-01-20T23:51:37.159-03:00  INFO [gestor-ventas,,] 6542 --- [gestor-ventas] [           main] o.f.core.internal.command.DbMigrate      : Current version of schema "public": 1
2026-01-20T23:51:37.161-03:00  INFO [gestor-ventas,,] 6542 --- [gestor-ventas] [           main] o.f.core.internal.command.DbMigrate      : Schema "public" is up to date. No migration necessary.
2026-01-20T23:51:37.239-03:00  INFO [gestor-ventas,,] 6542 --- [gestor-ventas] [           main] o.hibernate.jpa.internal.util.LogHelper  : HHH000204: Processing PersistenceUnitInfo [name: default]
2026-01-20T23:51:37.276-03:00  INFO [gestor-ventas,,] 6542 --- [gestor-ventas] [           main] org.hibernate.Version                    : HHH000412: Hibernate ORM core version 6.6.15.Final
2026-01-20T23:51:37.299-03:00  INFO [gestor-ventas,,] 6542 --- [gestor-ventas] [           main] o.h.c.internal.RegionFactoryInitiator    : HHH000026: Second-level cache disabled
2026-01-20T23:51:37.538-03:00  WARN [gestor-ventas,,] 6542 --- [gestor-ventas] [           main] org.hibernate.orm.deprecation            : HHH90000025: PostgreSQLDialect does not need to be specified explicitly using 'hibernate.dialect' (remove the property setting and it will be selected by default)
2026-01-20T23:51:37.548-03:00  INFO [gestor-ventas,,] 6542 --- [gestor-ventas] [           main] org.hibernate.orm.connections.pooling    : HHH10001005: Database info:
	Database JDBC URL [Connecting through datasource 'HikariDataSource (HikariPool-1)']
	Database driver: undefined/unknown
	Database version: 18.1
	Autocommit mode: undefined/unknown
	Isolation level: undefined/unknown
	Minimum pool size: undefined/unknown
	Maximum pool size: undefined/unknown
2026-01-20T23:51:38.369-03:00  INFO [gestor-ventas,,] 6542 --- [gestor-ventas] [           main] o.h.e.t.j.p.i.JtaPlatformInitiator       : HHH000489: No JTA platform available (set 'hibernate.transaction.jta.platform' to enable JTA platform integration)
2026-01-20T23:51:39.145-03:00  WARN [gestor-ventas,,] 6542 --- [gestor-ventas] [           main] ConfigServletWebServerApplicationContext : Exception encountered during context initialization - cancelling refresh attempt: org.springframework.beans.factory.BeanCreationException: Error creating bean with name 'authController' defined in file [/home/pablo/Documents/github/BalanceMaster/gestor-ventas/target/classes/com/BalanceMaster/gestor_ventas/controllers/AuthController.class]: Failed to instantiate [com.BalanceMaster.gestor_ventas.controllers.AuthController]: Constructor threw exception
2026-01-20T23:51:39.148-03:00  INFO [gestor-ventas,,] 6542 --- [gestor-ventas] [           main] com.zaxxer.hikari.HikariDataSource       : HikariPool-1 - Shutdown initiated...
2026-01-20T23:51:39.151-03:00  INFO [gestor-ventas,,] 6542 --- [gestor-ventas] [           main] com.zaxxer.hikari.HikariDataSource       : HikariPool-1 - Shutdown completed.
2026-01-20T23:51:39.153-03:00  INFO [gestor-ventas,,] 6542 --- [gestor-ventas] [           main] o.apache.catalina.core.StandardService   : Stopping service [Tomcat]
2026-01-20T23:51:39.182-03:00 ERROR [gestor-ventas,,] 6542 --- [gestor-ventas] [           main] o.s.boot.SpringApplication               : Application run failed

org.springframework.beans.factory.BeanCreationException: Error creating bean with name 'authController' defined in file [/home/pablo/Documents/github/BalanceMaster/gestor-ventas/target/classes/com/BalanceMaster/gestor_ventas/controllers/AuthController.class]: Failed to instantiate [com.BalanceMaster.gestor_ventas.controllers.AuthController]: Constructor threw exception
	at org.springframework.beans.factory.support.AbstractAutowireCapableBeanFactory.instantiateBean(AbstractAutowireCapableBeanFactory.java:1357) ~[spring-beans-6.2.7.jar:6.2.7]
	at org.springframework.beans.factory.support.AbstractAutowireCapableBeanFactory.createBeanInstance(AbstractAutowireCapableBeanFactory.java:1242) ~[spring-beans-6.2.7.jar:6.2.7]
	at org.springframework.beans.factory.support.AbstractAutowireCapableBeanFactory.doCreateBean(AbstractAutowireCapableBeanFactory.java:569) ~[spring-beans-6.2.7.jar:6.2.7]
	at org.springframework.beans.factory.support.AbstractAutowireCapableBeanFactory.createBean(AbstractAutowireCapableBeanFactory.java:529) ~[spring-beans-6.2.7.jar:6.2.7]
	at org.springframework.beans.factory.support.AbstractBeanFactory.lambda$doGetBean$0(AbstractBeanFactory.java:339) ~[spring-beans-6.2.7.jar:6.2.7]
	at org.springframework.beans.factory.support.DefaultSingletonBeanRegistry.getSingleton(DefaultSingletonBeanRegistry.java:373) ~[spring-beans-6.2.7.jar:6.2.7]
	at org.springframework.beans.factory.support.AbstractBeanFactory.doGetBean(AbstractBeanFactory.java:337) ~[spring-beans-6.2.7.jar:6.2.7]
	at org.springframework.beans.factory.support.AbstractBeanFactory.getBean(AbstractBeanFactory.java:202) ~[spring-beans-6.2.7.jar:6.2.7]
	at org.springframework.beans.factory.support.DefaultListableBeanFactory.instantiateSingleton(DefaultListableBeanFactory.java:1222) ~[spring-beans-6.2.7.jar:6.2.7]
	at org.springframework.beans.factory.support.DefaultListableBeanFactory.preInstantiateSingleton(DefaultListableBeanFactory.java:1188) ~[spring-beans-6.2.7.jar:6.2.7]
	at org.springframework.beans.factory.support.DefaultListableBeanFactory.preInstantiateSingletons(DefaultListableBeanFactory.java:1123) ~[spring-beans-6.2.7.jar:6.2.7]
	at org.springframework.context.support.AbstractApplicationContext.finishBeanFactoryInitialization(AbstractApplicationContext.java:987) ~[spring-context-6.2.7.jar:6.2.7]
	at org.springframework.context.support.AbstractApplicationContext.refresh(AbstractApplicationContext.java:627) ~[spring-context-6.2.7.jar:6.2.7]
	at org.springframework.boot.web.servlet.context.ServletWebServerApplicationContext.refresh(ServletWebServerApplicationContext.java:146) ~[spring-boot-3.5.0.jar:3.5.0]
	at org.springframework.boot.SpringApplication.refresh(SpringApplication.java:753) ~[spring-boot-3.5.0.jar:3.5.0]
	at org.springframework.boot.SpringApplication.refreshContext(SpringApplication.java:439) ~[spring-boot-3.5.0.jar:3.5.0]
	at org.springframework.boot.SpringApplication.run(SpringApplication.java:318) ~[spring-boot-3.5.0.jar:3.5.0]
	at org.springframework.boot.SpringApplication.run(SpringApplication.java:1362) ~[spring-boot-3.5.0.jar:3.5.0]
	at org.springframework.boot.SpringApplication.run(SpringApplication.java:1351) ~[spring-boot-3.5.0.jar:3.5.0]
	at com.BalanceMaster.gestor_ventas.GestorVentasApplication.main(GestorVentasApplication.java:12) ~[classes/:na]
Caused by: org.springframework.beans.BeanInstantiationException: Failed to instantiate [com.BalanceMaster.gestor_ventas.controllers.AuthController]: Constructor threw exception
	at org.springframework.beans.BeanUtils.instantiateClass(BeanUtils.java:222) ~[spring-beans-6.2.7.jar:6.2.7]
	at org.springframework.beans.factory.support.SimpleInstantiationStrategy.instantiate(SimpleInstantiationStrategy.java:122) ~[spring-beans-6.2.7.jar:6.2.7]
	at org.springframework.beans.factory.support.AbstractAutowireCapableBeanFactory.instantiateBean(AbstractAutowireCapableBeanFactory.java:1351) ~[spring-beans-6.2.7.jar:6.2.7]
	... 19 common frames omitted
Caused by: java.lang.Error: Unresolved compilation problem: 
	The blank final field authenticationService may not have been initialized

	at com.BalanceMaster.gestor_ventas.controllers.AuthController.<init>(AuthController.java:17) ~[classes/:na]
	at java.base/jdk.internal.reflect.DirectConstructorHandleAccessor.newInstance(DirectConstructorHandleAccessor.java:62) ~[na:na]
	at java.base/java.lang.reflect.Constructor.newInstanceWithCaller(Constructor.java:502) ~[na:na]
	at java.base/java.lang.reflect.Constructor.newInstance(Constructor.java:486) ~[na:na]
	at org.springframework.beans.BeanUtils.instantiateClass(BeanUtils.java:196) ~[spring-beans-6.2.7.jar:6.2.7]
	... 21 common frames omitted

[INFO] ------------------------------------------------------------------------
[INFO] BUILD FAILURE
[INFO] ------------------------------------------------------------------------
[INFO] Total time:  6.274 s
[INFO] Finished at: 2026-01-20T23:51:39-03:00
[INFO] ------------------------------------------------------------------------
[ERROR] Failed to execute goal org.springframework.boot:spring-boot-maven-plugin:4.0.1:run (default-cli) on project gestor-ventas: Process terminated with exit code: 1 -> [Help 1]
[ERROR] 
[ERROR] To see the full stack trace of the errors, re-run Maven with the -e switch.
[ERROR] Re-run Maven using the -X switch to enable full debug logging.
[ERROR] 
[ERROR] For more information about the errors and possible solutions, please read the following articles:
[ERROR] [Help 1] http://cwiki.apache.org/confluence/display/MAVEN/MojoExecutionException
